<?xml version="1.0" encoding="UTF-8"?>
<!-- Generated by org.testng.reporters.JUnitXMLReporter -->
<testsuite ignored="3" hostname="DESKTOP-O85QBMJ" failures="0" tests="3" name="Default test" time="6.516" errors="0" timestamp="2025-07-02T18:24:30 EET">
  <testcase classname="mytest" name="login" time="0.433"/>
  <testcase classname="mytest" name="addToCart" time="2.205"/>
  <testcase classname="mytest" name="CheckoutProcess" time="0.735"/>
  <testcase classname="mytest" name="removeFromCart" time="0.0">
    <ignored/>
  </testcase> <!-- removeFromCart -->
  <testcase classname="mytest" name="addToCartAfterTheRemove" time="0.0">
    <ignored/>
  </testcase> <!-- addToCartAfterTheRemove -->
  <testcase classname="mytest" name="logout" time="0.0">
    <ignored/>
  </testcase> <!-- logout -->
</testsuite> <!-- Default test -->
