<?xml version="1.0" encoding="UTF-8"?>
<testng-results ignored="3" total="6" passed="3" failed="0" skipped="0">
  <reporter-output>
  </reporter-output>
  <suite started-at="2025-07-02T18:24:23 EET" name="Default suite" finished-at="2025-07-02T18:24:30 EET" duration-ms="6516">
    <groups>
    </groups>
    <test started-at="2025-07-02T18:24:23 EET" name="Default test" finished-at="2025-07-02T18:24:30 EET" duration-ms="6516">
      <class name="mytest">
        <test-method is-config="true" signature="mySetup()[pri:0, instance:mytest@42f8285e]" started-at="2025-07-02T18:24:23 EET" name="mySetup" finished-at="2025-07-02T18:24:27 EET" duration-ms="3053" status="PASS">
          <reporter-output>
          </reporter-output>
        </test-method> <!-- mySetup -->
        <test-method signature="login()[pri:1, instance:mytest@42f8285e]" started-at="2025-07-02T18:24:27 EET" name="login" finished-at="2025-07-02T18:24:27 EET" duration-ms="433" status="PASS">
          <reporter-output>
          </reporter-output>
        </test-method> <!-- login -->
        <test-method signature="addToCart()[pri:2, instance:mytest@42f8285e]" started-at="2025-07-02T18:24:27 EET" name="addToCart" finished-at="2025-07-02T18:24:29 EET" duration-ms="2205" status="PASS">
          <reporter-output>
          </reporter-output>
        </test-method> <!-- addToCart -->
        <test-method signature="CheckoutProcess()[pri:3, instance:mytest@42f8285e]" started-at="2025-07-02T18:24:29 EET" name="CheckoutProcess" finished-at="2025-07-02T18:24:30 EET" duration-ms="735" status="PASS">
          <reporter-output>
          </reporter-output>
        </test-method> <!-- CheckoutProcess -->
        <test-method is-config="true" signature="AfterThetestIsDone()[pri:0, instance:mytest@42f8285e]" started-at="2025-07-02T18:24:30 EET" name="AfterThetestIsDone" finished-at="2025-07-02T18:24:30 EET" duration-ms="1" status="PASS">
          <reporter-output>
          </reporter-output>
        </test-method> <!-- AfterThetestIsDone -->
      </class> <!-- mytest -->
    </test> <!-- Default test -->
  </suite> <!-- Default suite -->
</testng-results>
